{
  "RSpec": {
    "coverage": {
      "/Users/javi/Desktop/to_do/spec/features/add_list_pages_spec.rb": [
        1,
        null,
        1,
        1,
        1,
        1,
        1,
        1,
        1,
        null,
        null,
        1,
        1,
        1,
        1,
        null,
        null
      ],
      "/Users/javi/Desktop/to_do/spec/rails_helper.rb": [
        null,
        1,
        1,
        1,
        null,
        1,
        1,
        1,
        null,
        1,
        null,
        1,
        null,
        1,
        null,
        1,
        null,
        1,
        null,
        1,
        null,
        null,
        1,
        1,
        1,
        1,
        null,
        null
      ],
      "/Users/javi/Desktop/to_do/config/environment.rb": [
        null,
        1,
        null,
        null,
        1
      ],
      "/Users/javi/Desktop/to_do/config/application.rb": [
        1,
        null,
        1,
        null,
        1,
        1,
        1,
        1,
        1,
        1,
        1,
        1,
        null,
        null,
        null,
        null,
        1,
        null,
        1,
        1,
        null,
        1,
        null,
        null,
        null,
        null,
        null,
        null,
        1,
        null,
        null
      ],
      "/Users/javi/Desktop/to_do/config/boot.rb": [
        1,
        null,
        1
      ],
      "/Users/javi/Desktop/to_do/config/environments/test.rb": [
        1,
        null,
        null,
        null,
        null,
        null,
        null,
        1,
        null,
        null,
        null,
        null,
        1,
        null,
        null,
        1,
        1,
        null,
        null,
        null,
        null,
        1,
        1,
        null,
        null,
        1,
        null,
        null,
        1,
        1,
        null,
        null,
        null,
        null,
        1,
        null,
        null,
        1,
        null,
        null,
        null,
        null
      ],
      "/Users/javi/Desktop/to_do/config/initializers/application_controller_renderer.rb": [
        null,
        null,
        null,
        null,
        null,
        null,
        null,
        null
      ],
      "/Users/javi/Desktop/to_do/config/initializers/assets.rb": [
        null,
        null,
        null,
        1,
        null,
        null,
        null,
        null,
        1,
        null,
        null,
        null,
        null,
        null
      ],
      "/Users/javi/Desktop/to_do/config/initializers/backtrace_silencers.rb": [
        null,
        null,
        null,
        null,
        null,
        null,
        null
      ],
      "/Users/javi/Desktop/to_do/config/initializers/cookies_serializer.rb": [
        null,
        null,
        null,
        null,
        1
      ],
      "/Users/javi/Desktop/to_do/config/initializers/filter_parameter_logging.rb": [
        null,
        null,
        null,
        1
      ],
      "/Users/javi/Desktop/to_do/config/initializers/inflections.rb": [
        null,
        null,
        null,
        null,
        null,
        null,
        null,
        null,
        null,
        null,
        null,
        null,
        null,
        null,
        null,
        null
      ],
      "/Users/javi/Desktop/to_do/config/initializers/mime_types.rb": [
        null,
        null,
        null,
        null
      ],
      "/Users/javi/Desktop/to_do/config/initializers/wrap_parameters.rb": [
        null,
        null,
        null,
        null,
        null,
        null,
        1,
        2,
        null,
        null,
        null,
        null,
        null,
        null
      ],
      "/Users/javi/Desktop/to_do/config/routes.rb": [
        1,
        1,
        1,
        null,
        1,
        1,
        1,
        null,
        1,
        1,
        null,
        null
      ],
      "/Users/javi/Desktop/to_do/app/controllers/application_controller.rb": [
        1,
        1,
        1,
        null,
        1,
        5,
        0,
        null,
        null,
        null,
        1,
        0,
        0,
        0,
        null,
        null,
        null,
        null
      ],
      "/Users/javi/Desktop/to_do/app/helpers/application_helper.rb": [
        1,
        null
      ],
      "/Users/javi/Desktop/to_do/app/channels/application_cable/channel.rb": [
        1,
        1,
        null,
        null
      ],
      "/Users/javi/Desktop/to_do/app/channels/application_cable/connection.rb": [
        1,
        1,
        null,
        null
      ],
      "/Users/javi/Desktop/to_do/app/controllers/just_another_controller.rb": [
        1,
        1,
        null,
        1,
        null,
        null,
        null
      ],
      "/Users/javi/Desktop/to_do/app/controllers/lists_controller.rb": [
        1,
        1,
        1,
        1,
        null,
        null,
        1,
        0,
        0,
        null,
        null,
        1,
        2,
        2,
        null,
        null,
        1,
        3,
        3,
        1,
        null,
        2,
        null,
        null,
        null,
        1,
        0,
        0,
        null,
        null,
        1,
        0,
        0,
        0,
        null,
        0,
        null,
        null,
        null,
        1,
        0,
        0,
        0,
        null,
        null,
        1,
        1,
        3,
        null,
        null
      ],
      "/Users/javi/Desktop/to_do/app/controllers/sessions_controller.rb": [
        1,
        1,
        0,
        0,
        0,
        0,
        0,
        null,
        0,
        0,
        null,
        null,
        null,
        1,
        0,
        0,
        0,
        null,
        null
      ],
      "/Users/javi/Desktop/to_do/app/controllers/tasks_controller.rb": [
        1,
        1,
        0,
        0,
        0,
        0,
        null,
        0,
        null,
        null,
        null,
        1,
        1,
        0,
        null,
        null
      ],
      "/Users/javi/Desktop/to_do/app/controllers/users_controller.rb": [
        1,
        null,
        1,
        0,
        null,
        null,
        1,
        0,
        0,
        0,
        0,
        0,
        null,
        0,
        0,
        null,
        null,
        null,
        1,
        null,
        1,
        0,
        null,
        null
      ],
      "/Users/javi/Desktop/to_do/app/jobs/application_job.rb": [
        1,
        null
      ],
      "/Users/javi/Desktop/to_do/app/mailers/application_mailer.rb": [
        1,
        1,
        1,
        null
      ],
      "/Users/javi/Desktop/to_do/app/models/application_record.rb": [
        1,
        1,
        null
      ],
      "/Users/javi/Desktop/to_do/app/models/list.rb": [
        1,
        1,
        1,
        null
      ],
      "/Users/javi/Desktop/to_do/app/models/task.rb": [
        1,
        1,
        null,
        1,
        null
      ],
      "/Users/javi/Desktop/to_do/app/models/user.rb": [
        null,
        1,
        1,
        1,
        1,
        1,
        null,
        1,
        0,
        0,
        null,
        null,
        1,
        0,
        0,
        0,
        null,
        null,
        null,
        null,
        null
      ],
      "/Users/javi/Desktop/to_do/spec/factories.rb": [
        1,
        1,
        1,
        null,
        null
      ],
      "/Users/javi/Desktop/to_do/spec/models/list_spec.rb": [
        1,
        null,
        null,
        1,
        2,
        2,
        null
      ],
      "/Users/javi/Desktop/to_do/spec/models/task_spec.rb": [
        1,
        null,
        1,
        2,
        2,
        null
      ]
    },
    "timestamp": 1511639662
  }
}
